2025-11-26 23:16:49,057 - INFO - ============================================================
2025-11-26 23:16:49,057 - INFO - Database Backup System Starting
2025-11-26 23:16:49,057 - INFO - ============================================================
2025-11-26 23:16:49,057 - INFO - Configuration loaded successfully
2025-11-26 23:16:49,061 - INFO - mysqldump is available
2025-11-26 23:16:49,061 - INFO - Backup directory exists: /var/backups/mysql
2025-11-26 23:16:49,061 - WARNING - No databases configured for backup
2025-11-26 23:16:49,061 - INFO - ============================================================
2025-11-26 23:16:49,061 - INFO - Backup Summary: 0/0 successful
2025-11-26 23:16:49,061 - INFO - ============================================================
2025-11-26 23:16:49,062 - INFO - ============================================================
2025-11-26 23:16:49,062 - INFO - Database Backup System Finished
2025-11-26 23:16:49,062 - INFO - ============================================================
2025-11-26 23:17:35,260 - INFO - ============================================================
2025-11-26 23:17:35,261 - INFO - Database Backup System Starting
2025-11-26 23:17:35,261 - INFO - ============================================================
2025-11-26 23:17:35,261 - INFO - Configuration loaded successfully
2025-11-26 23:17:35,263 - INFO - mysqldump is available
2025-11-26 23:17:35,264 - INFO - Backup directory exists: /var/backups/mysql
2025-11-26 23:17:35,264 - WARNING - No databases configured for backup
2025-11-26 23:17:35,264 - INFO - ============================================================
2025-11-26 23:17:35,264 - INFO - Backup Summary: 0/0 successful
2025-11-26 23:17:35,264 - INFO - ============================================================
2025-11-26 23:17:35,264 - INFO - ============================================================
2025-11-26 23:17:35,264 - INFO - Database Backup System Finished
2025-11-26 23:17:35,264 - INFO - ============================================================
2025-11-26 23:19:47,964 - INFO - ============================================================
2025-11-26 23:19:47,965 - INFO - Database Backup System Starting
2025-11-26 23:19:47,965 - INFO - ============================================================
2025-11-26 23:19:47,965 - INFO - Configuration loaded successfully
2025-11-26 23:19:47,968 - INFO - mysqldump is available
2025-11-26 23:19:47,968 - INFO - Backup directory exists: /var/backups/mysql
2025-11-26 23:19:47,968 - WARNING - No databases configured for backup
2025-11-26 23:19:47,968 - INFO - ============================================================
2025-11-26 23:19:47,968 - INFO - Backup Summary: 0/0 successful
2025-11-26 23:19:47,968 - INFO - ============================================================
2025-11-26 23:19:47,968 - INFO - ============================================================
2025-11-26 23:19:47,968 - INFO - Database Backup System Finished
2025-11-26 23:19:47,968 - INFO - ============================================================
2025-11-26 23:20:36,125 - INFO - ============================================================
2025-11-26 23:20:36,125 - INFO - Database Backup System Starting
2025-11-26 23:20:36,125 - INFO - ============================================================
2025-11-26 23:20:36,125 - INFO - Configuration loaded successfully
2025-11-26 23:20:36,128 - INFO - mysqldump is available
2025-11-26 23:20:36,128 - INFO - Backup directory exists: /var/backups/mysql
2025-11-26 23:20:36,128 - INFO - Starting backup for 3 database(s)
2025-11-26 23:20:36,128 - INFO - Processing database: panel
2025-11-26 23:20:36,129 - INFO - Starting backup for database: panel
2025-11-26 23:20:36,191 - INFO - Backup created successfully: /var/backups/mysql/panel-26-11-2025-23-20-36.sql
2025-11-26 23:20:36,834 - INFO - Webhook sent successfully to https://discord.com/api/webhooks/1443296683688595487/pKqH0q_esKjVPz672PRO5jfDOb9GBzAd7YeVobWLZxbE0ZwdvwZsY26kZFviLysGD9dj
2025-11-26 23:20:36,840 - INFO - Compressed /var/backups/mysql/panel-26-11-2025-23-20-36.sql to /var/backups/mysql/panel-26-11-2025-23-20-36.sql.tar.gz
2025-11-26 23:20:36,840 - INFO - Cleaned up temporary file: /var/backups/mysql/panel-26-11-2025-23-20-36.sql
2025-11-26 23:20:37,685 - INFO - Webhook sent successfully to https://discord.com/api/webhooks/1443296683688595487/pKqH0q_esKjVPz672PRO5jfDOb9GBzAd7YeVobWLZxbE0ZwdvwZsY26kZFviLysGD9dj
2025-11-26 23:20:37,686 - INFO - Successfully backed up and compressed: panel
2025-11-26 23:20:37,686 - INFO - Processing database: database2
2025-11-26 23:20:37,686 - INFO - Starting backup for database: database2
2025-11-26 23:20:37,694 - ERROR - mysqldump failed for database2: mysqldump: Got error: 1049: "Unknown database 'database2'" when selecting the database

2025-11-26 23:20:37,694 - INFO - Cleaned up temporary file: /var/backups/mysql/database2-26-11-2025-23-20-37.sql
2025-11-26 23:20:38,437 - INFO - Webhook sent successfully to https://discord.com/api/webhooks/1443296683688595487/pKqH0q_esKjVPz672PRO5jfDOb9GBzAd7YeVobWLZxbE0ZwdvwZsY26kZFviLysGD9dj
2025-11-26 23:20:38,439 - INFO - Processing database: database3
2025-11-26 23:20:38,439 - INFO - Starting backup for database: database3
2025-11-26 23:20:38,447 - ERROR - mysqldump failed for database3: mysqldump: Got error: 1049: "Unknown database 'database3'" when selecting the database

2025-11-26 23:20:38,447 - INFO - Cleaned up temporary file: /var/backups/mysql/database3-26-11-2025-23-20-38.sql
2025-11-26 23:20:39,175 - INFO - Webhook sent successfully to https://discord.com/api/webhooks/1443296683688595487/pKqH0q_esKjVPz672PRO5jfDOb9GBzAd7YeVobWLZxbE0ZwdvwZsY26kZFviLysGD9dj
2025-11-26 23:20:39,177 - INFO - ============================================================
2025-11-26 23:20:39,177 - INFO - Backup Summary: 1/3 successful
2025-11-26 23:20:39,177 - INFO - ============================================================
2025-11-26 23:20:39,177 - INFO -   panel: ✓ SUCCESS
2025-11-26 23:20:39,177 - INFO -   database2: ✗ FAILED
2025-11-26 23:20:39,177 - INFO -   database3: ✗ FAILED
2025-11-26 23:20:39,177 - INFO - ============================================================
2025-11-26 23:20:39,177 - INFO - Database Backup System Finished
2025-11-26 23:20:39,177 - INFO - ============================================================
2025-11-27 00:00:00,898 - INFO - ============================================================
2025-11-27 00:00:00,898 - INFO - Database Backup System Starting
2025-11-27 00:00:00,898 - INFO - ============================================================
2025-11-27 00:00:00,898 - INFO - Configuration loaded successfully
2025-11-27 00:00:00,900 - INFO - mysqldump is available
2025-11-27 00:00:00,901 - INFO - Backup directory exists: /var/backups/mysql
2025-11-27 00:00:00,901 - INFO - Starting backup for 3 database(s)
2025-11-27 00:00:00,901 - INFO - Processing database: panel
2025-11-27 00:00:00,901 - INFO - Starting backup for database: panel
2025-11-27 00:00:00,950 - INFO - Backup created successfully: /var/backups/mysql/panel-27-11-2025-00-00-00.sql
2025-11-27 00:00:01,862 - INFO - Webhook sent successfully to https://discord.com/api/webhooks/1443296683688595487/pKqH0q_esKjVPz672PRO5jfDOb9GBzAd7YeVobWLZxbE0ZwdvwZsY26kZFviLysGD9dj
2025-11-27 00:00:01,867 - INFO - Compressed /var/backups/mysql/panel-27-11-2025-00-00-00.sql to /var/backups/mysql/panel-27-11-2025-00-00-00.sql.tar.gz
2025-11-27 00:00:01,867 - INFO - Cleaned up temporary file: /var/backups/mysql/panel-27-11-2025-00-00-00.sql
2025-11-27 00:00:01,868 - INFO - Uploading file via webhook (0.02MB)
2025-11-27 00:00:03,132 - INFO - Webhook sent successfully to https://discord.com/api/webhooks/1443296683688595487/pKqH0q_esKjVPz672PRO5jfDOb9GBzAd7YeVobWLZxbE0ZwdvwZsY26kZFviLysGD9dj
2025-11-27 00:00:03,133 - INFO - Successfully backed up and compressed: panel
2025-11-27 00:00:03,134 - INFO - Processing database: database2
2025-11-27 00:00:03,134 - INFO - Starting backup for database: database2
2025-11-27 00:00:03,142 - ERROR - mysqldump failed for database2: mysqldump: Got error: 1049: "Unknown database 'database2'" when selecting the database

2025-11-27 00:00:03,142 - INFO - Cleaned up temporary file: /var/backups/mysql/database2-27-11-2025-00-00-03.sql
2025-11-27 00:00:03,885 - INFO - Webhook sent successfully to https://discord.com/api/webhooks/1443296683688595487/pKqH0q_esKjVPz672PRO5jfDOb9GBzAd7YeVobWLZxbE0ZwdvwZsY26kZFviLysGD9dj
2025-11-27 00:00:03,886 - INFO - Processing database: database3
2025-11-27 00:00:03,887 - INFO - Starting backup for database: database3
2025-11-27 00:00:03,895 - ERROR - mysqldump failed for database3: mysqldump: Got error: 1049: "Unknown database 'database3'" when selecting the database

2025-11-27 00:00:03,896 - INFO - Cleaned up temporary file: /var/backups/mysql/database3-27-11-2025-00-00-03.sql
2025-11-27 00:00:04,672 - INFO - Webhook sent successfully to https://discord.com/api/webhooks/1443296683688595487/pKqH0q_esKjVPz672PRO5jfDOb9GBzAd7YeVobWLZxbE0ZwdvwZsY26kZFviLysGD9dj
2025-11-27 00:00:04,673 - INFO - ============================================================
2025-11-27 00:00:04,673 - INFO - Backup Summary: 1/3 successful
2025-11-27 00:00:04,673 - INFO - ============================================================
2025-11-27 00:00:04,673 - INFO -   panel: ✓ SUCCESS
2025-11-27 00:00:04,673 - INFO -   database2: ✗ FAILED
2025-11-27 00:00:04,673 - INFO -   database3: ✗ FAILED
2025-11-27 00:00:04,673 - INFO - ============================================================
2025-11-27 00:00:04,673 - INFO - Database Backup System Finished
2025-11-27 00:00:04,674 - INFO - ============================================================
2025-11-27 00:08:39,315 - INFO - ============================================================
2025-11-27 00:08:39,316 - INFO - Database Backup System Starting
2025-11-27 00:08:39,316 - INFO - ============================================================
2025-11-27 00:08:39,316 - INFO - Configuration loaded successfully
2025-11-27 00:08:39,320 - INFO - mysqldump is available
2025-11-27 00:08:39,320 - INFO - Backup directory exists: /var/backups/mysql
2025-11-27 00:08:39,320 - INFO - Starting backup for 1 database(s)
2025-11-27 00:08:39,320 - INFO - Processing database: panel
2025-11-27 00:08:39,321 - INFO - Starting backup for database: panel
2025-11-27 00:08:39,374 - INFO - Backup created successfully: /var/backups/mysql/panel-27-11-2025-00-08-39.sql
2025-11-27 00:08:40,011 - INFO - Webhook sent successfully to https://discord.com/api/webhooks/1443296683688595487/pKqH0q_esKjVPz672PRO5jfDOb9GBzAd7YeVobWLZxbE0ZwdvwZsY26kZFviLysGD9dj
2025-11-27 00:08:40,018 - INFO - Compressed /var/backups/mysql/panel-27-11-2025-00-08-39.sql to /var/backups/mysql/panel-27-11-2025-00-08-39.sql.tar.gz
2025-11-27 00:08:40,018 - INFO - Cleaned up temporary file: /var/backups/mysql/panel-27-11-2025-00-08-39.sql
2025-11-27 00:08:40,019 - INFO - Uploading file via webhook (0.02MB)
2025-11-27 00:08:40,976 - INFO - Webhook sent successfully to https://discord.com/api/webhooks/1443296683688595487/pKqH0q_esKjVPz672PRO5jfDOb9GBzAd7YeVobWLZxbE0ZwdvwZsY26kZFviLysGD9dj
2025-11-27 00:08:40,977 - INFO - Successfully backed up and compressed: panel
2025-11-27 00:08:40,977 - INFO - ============================================================
2025-11-27 00:08:40,977 - INFO - Backup Summary: 1/1 successful
2025-11-27 00:08:40,977 - INFO - ============================================================
2025-11-27 00:08:40,977 - INFO -   panel: ✓ SUCCESS
2025-11-27 00:08:40,977 - INFO - ============================================================
2025-11-27 00:08:40,977 - INFO - Database Backup System Finished
2025-11-27 00:08:40,977 - INFO - ============================================================
2025-11-27 00:10:14,150 - INFO - ============================================================
2025-11-27 00:10:14,150 - INFO - Database Backup System Starting
2025-11-27 00:10:14,151 - INFO - ============================================================
2025-11-27 00:10:14,151 - INFO - Configuration loaded successfully
2025-11-27 00:10:14,154 - INFO - mysqldump is available
2025-11-27 00:10:14,154 - INFO - Backup directory exists: /var/backups/mysql
2025-11-27 00:10:14,154 - INFO - Starting backup for 1 database(s)
2025-11-27 00:10:14,154 - INFO - Processing database: panel
2025-11-27 00:10:14,154 - INFO - Starting backup for database: panel
2025-11-27 00:10:14,203 - INFO - Backup created successfully: /var/backups/mysql/panel-27-11-2025-00-10-14.sql
2025-11-27 00:10:14,896 - INFO - Webhook sent successfully to https://discord.com/api/webhooks/1443296683688595487/pKqH0q_esKjVPz672PRO5jfDOb9GBzAd7YeVobWLZxbE0ZwdvwZsY26kZFviLysGD9dj
2025-11-27 00:10:14,903 - INFO - Compressed /var/backups/mysql/panel-27-11-2025-00-10-14.sql to /var/backups/mysql/panel-27-11-2025-00-10-14.sql.tar.gz
2025-11-27 00:10:14,903 - INFO - Cleaned up temporary file: /var/backups/mysql/panel-27-11-2025-00-10-14.sql
2025-11-27 00:10:14,903 - INFO - Uploading file via webhook (0.02MB)
2025-11-27 00:10:15,672 - INFO - Webhook sent successfully to https://discord.com/api/webhooks/1443296683688595487/pKqH0q_esKjVPz672PRO5jfDOb9GBzAd7YeVobWLZxbE0ZwdvwZsY26kZFviLysGD9dj
2025-11-27 00:10:15,673 - INFO - Successfully backed up and compressed: panel
2025-11-27 00:10:15,673 - INFO - ============================================================
2025-11-27 00:10:15,673 - INFO - Backup Summary: 1/1 successful
2025-11-27 00:10:15,673 - INFO - ============================================================
2025-11-27 00:10:15,673 - INFO -   panel: ✓ SUCCESS
2025-11-27 00:10:15,673 - INFO - ============================================================
2025-11-27 00:10:15,673 - INFO - Database Backup System Finished
2025-11-27 00:10:15,673 - INFO - ============================================================
2025-11-27 00:25:24,674 - INFO - ============================================================
2025-11-27 00:25:24,674 - INFO - Database Backup System Starting
2025-11-27 00:25:24,674 - INFO - ============================================================
2025-11-27 00:25:24,674 - INFO - Configuration loaded successfully
2025-11-27 00:25:24,677 - INFO - mysqldump is available
2025-11-27 00:25:24,677 - INFO - Backup directory exists: /var/backups/mysql
2025-11-27 00:25:24,677 - WARNING - No databases configured for backup
2025-11-27 00:25:24,677 - INFO - ============================================================
2025-11-27 00:25:24,678 - INFO - Backup Summary: 0/0 successful
2025-11-27 00:25:24,678 - INFO - ============================================================
2025-11-27 00:25:24,678 - INFO - ============================================================
2025-11-27 00:25:24,678 - INFO - Database Backup System Finished
2025-11-27 00:25:24,678 - INFO - ============================================================
2025-11-27 00:25:49,765 - INFO - ============================================================
2025-11-27 00:25:49,765 - INFO - Database Backup System Starting
2025-11-27 00:25:49,765 - INFO - ============================================================
2025-11-27 00:25:49,765 - INFO - Configuration loaded successfully
2025-11-27 00:25:49,768 - INFO - mysqldump is available
2025-11-27 00:25:49,768 - INFO - Backup directory exists: /var/backups/mysql
2025-11-27 00:25:49,768 - INFO - Starting backup for 1 database(s)
2025-11-27 00:25:49,768 - INFO - Processing database: panel
2025-11-27 00:26:42,747 - INFO - ============================================================
2025-11-27 00:26:42,747 - INFO - Database Backup System Starting
2025-11-27 00:26:42,747 - INFO - ============================================================
2025-11-27 00:26:42,747 - INFO - Configuration loaded successfully
2025-11-27 00:26:42,750 - INFO - mysqldump is available
2025-11-27 00:26:42,750 - INFO - Backup directory exists: /var/backups/mysql
2025-11-27 00:26:42,750 - INFO - Starting backup for 1 database(s)
2025-11-27 00:26:42,750 - INFO - Processing database: panel
2025-11-27 00:26:47,811 - WARNING - Failed to get database size for panel: Command '['mysql', '-h', 'localhost', '-P', '3306', '-u', '', '-p', '-N', '-e', "\n        SELECT \n            ROUND(SUM(data_length + index_length) / 1024 / 1024, 2) AS size_mb\n        FROM information_schema.tables\n        WHERE table_schema = 'panel';\n        "]' returned non-zero exit status 1.
2025-11-27 00:26:47,811 - INFO - Database size: Unknown
2025-11-27 00:26:47,811 - INFO - Starting backup for database: panel
2025-11-27 00:26:48,367 - ERROR - mysqldump failed for panel: mysqldump: Got error: 1698: "Access denied for user 'root'@'localhost'" when trying to connect

2025-11-27 00:26:48,367 - INFO - Cleaned up temporary file: /var/backups/mysql/panel-26-11-2025-18-56-47.sql
2025-11-27 00:26:49,024 - INFO - Webhook sent successfully to https://discord.com/api/webhooks/1443296683688595487/pKqH0q_esKjVPz672PRO5jfDOb9GBzAd7YeVobWLZxbE0ZwdvwZsY26kZFviLysGD9dj
2025-11-27 00:26:49,024 - INFO - ============================================================
2025-11-27 00:26:49,025 - INFO - Backup Summary: 0/1 successful
2025-11-27 00:26:49,025 - INFO - ============================================================
2025-11-27 00:26:49,025 - INFO -   panel: ✗ FAILED
2025-11-27 00:26:49,025 - INFO - ============================================================
2025-11-27 00:26:49,025 - INFO - Database Backup System Finished
2025-11-27 00:26:49,025 - INFO - ============================================================
2025-11-27 00:26:55,229 - INFO - ============================================================
2025-11-27 00:26:55,229 - INFO - Database Backup System Starting
2025-11-27 00:26:55,229 - INFO - ============================================================
2025-11-27 00:26:55,229 - INFO - Configuration loaded successfully
2025-11-27 00:26:55,232 - INFO - mysqldump is available
2025-11-27 00:26:55,232 - INFO - Backup directory exists: /var/backups/mysql
2025-11-27 00:26:55,232 - INFO - Starting backup for 1 database(s)
2025-11-27 00:26:55,232 - INFO - Processing database: panel
2025-11-27 00:26:55,249 - INFO - Database size: 1.81 MB
2025-11-27 00:26:55,249 - INFO - Starting backup for database: panel
2025-11-27 00:26:55,305 - INFO - Backup created successfully: /var/backups/mysql/panel-26-11-2025-18-56-55.sql
2025-11-27 00:26:56,102 - INFO - Webhook sent successfully to https://discord.com/api/webhooks/1443296683688595487/pKqH0q_esKjVPz672PRO5jfDOb9GBzAd7YeVobWLZxbE0ZwdvwZsY26kZFviLysGD9dj
2025-11-27 00:26:56,107 - INFO - Compressed /var/backups/mysql/panel-26-11-2025-18-56-55.sql to /var/backups/mysql/panel-26-11-2025-18-56-55.sql.tar.gz
2025-11-27 00:26:56,107 - INFO - Cleaned up temporary file: /var/backups/mysql/panel-26-11-2025-18-56-55.sql
2025-11-27 00:26:56,107 - INFO - Compressed backup: 24.98 KB
2025-11-27 00:26:56,108 - INFO - Uploading file via webhook (0.02MB)
2025-11-27 00:26:56,899 - INFO - Webhook sent successfully to https://discord.com/api/webhooks/1443296683688595487/pKqH0q_esKjVPz672PRO5jfDOb9GBzAd7YeVobWLZxbE0ZwdvwZsY26kZFviLysGD9dj
2025-11-27 00:26:56,900 - INFO - Successfully backed up and compressed: panel
2025-11-27 00:26:56,900 - INFO - ============================================================
2025-11-27 00:26:56,900 - INFO - Backup Summary: 1/1 successful
2025-11-27 00:26:56,900 - INFO - ============================================================
2025-11-27 00:26:56,900 - INFO -   panel: ✓ SUCCESS
2025-11-27 00:26:56,900 - INFO - ============================================================
2025-11-27 00:26:56,900 - INFO - Database Backup System Finished
2025-11-27 00:26:56,900 - INFO - ============================================================
